<?xml version="1.0" encoding="UTF-8"?>
<!-- Generated by org.testng.reporters.JUnitReportReporter -->
<testsuite hostname="INBook_X1" failures="0" tests="1" name="register.TC_RF_015" time="15.632" errors="0" timestamp="2024-12-09T15:24:29 IST" skipped="0">
  <testcase classname="register.TC_RF_015" name="verifyDataBaseTestingForRegisterAccount" time="15.632"/>
</testsuite> <!-- register.TC_RF_015 -->
