<?xml version="1.0" encoding="UTF-8"?>
<!-- Generated by org.testng.reporters.JUnitReportReporter -->
<testsuite hostname="INBook_X1" failures="0" tests="3" name="register.TC_RF_027" time="59.617" errors="0" timestamp="2024-12-15T21:37:08 IST" skipped="0">
  <testcase classname="register.TC_RF_027" name="verifyRegisteringAccountInAllEnvironmnet" time="28.148"/>
  <testcase classname="register.TC_RF_027" name="verifyRegisteringAccountInAllEnvironmnet" time="13.286"/>
  <testcase classname="register.TC_RF_027" name="verifyRegisteringAccountInAllEnvironmnet" time="18.183"/>
</testsuite> <!-- register.TC_RF_027 -->
