<?xml version="1.0" encoding="UTF-8"?>
<!-- Generated by org.testng.reporters.JUnitReportReporter -->
<testsuite hostname="INBook_X1" failures="0" tests="23" name="tests.Search" time="28.678" errors="1" timestamp="2025-04-17T21:08:35 IST" skipped="22">
  <testcase classname="tests.Search" name="setup" time="28.678">
    <error message="unknown error: net::ERR_CONNECTION_TIMED_OUT
  (Session info: chrome=135.0.7049.85)
Build info: version: &#039;4.27.0&#039;, revision: &#039;d6e718d134&#039;
System info: os.name: &#039;Windows 11&#039;, os.arch: &#039;amd64&#039;, os.version: &#039;10.0&#039;, java.version: &#039;21.0.2&#039;
Driver info: org.openqa.selenium.chrome.ChromeDriver
Command: [3242a5c8a9ecd6103a295c7a675a05ad, get {url=https://tutorialsninja.com/demo/}]
Capabilities {acceptInsecureCerts: false, browserName: chrome, browserVersion: 135.0.7049.85, chrome: {chromedriverVersion: 135.0.7049.95 (de2eb485a195..., userDataDir: C:\Users\SHADAN~1\AppData\L...}, fedcm:accounts: true, goog:chromeOptions: {debuggerAddress: localhost:64774}, networkConnectionEnabled: false, pageLoadStrategy: normal, platformName: windows, proxy: Proxy(), se:cdp: ws://localhost:64774/devtoo..., se:cdpVersion: 135.0.7049.85, setWindowRect: true, strictFileInteractability: false, timeouts: {implicit: 0, pageLoad: 300000, script: 30000}, unhandledPromptBehavior: dismiss and notify, webauthn:extension:credBlob: true, webauthn:extension:largeBlob: true, webauthn:extension:minPinLength: true, webauthn:extension:prf: true, webauthn:virtualAuthenticators: true}
Session ID: 3242a5c8a9ecd6103a295c7a675a05ad" type="org.openqa.selenium.WebDriverException">
      <![CDATA[org.openqa.selenium.WebDriverException: unknown error: net::ERR_CONNECTION_TIMED_OUT
  (Session info: chrome=135.0.7049.85)
Build info: version: '4.27.0', revision: 'd6e718d134'
System info: os.name: 'Windows 11', os.arch: 'amd64', os.version: '10.0', java.version: '21.0.2'
Driver info: org.openqa.selenium.chrome.ChromeDriver
Command: [3242a5c8a9ecd6103a295c7a675a05ad, get {url=https://tutorialsninja.com/demo/}]
Capabilities {acceptInsecureCerts: false, browserName: chrome, browserVersion: 135.0.7049.85, chrome: {chromedriverVersion: 135.0.7049.95 (de2eb485a195..., userDataDir: C:\Users\SHADAN~1\AppData\L...}, fedcm:accounts: true, goog:chromeOptions: {debuggerAddress: localhost:64774}, networkConnectionEnabled: false, pageLoadStrategy: normal, platformName: windows, proxy: Proxy(), se:cdp: ws://localhost:64774/devtoo..., se:cdpVersion: 135.0.7049.85, setWindowRect: true, strictFileInteractability: false, timeouts: {implicit: 0, pageLoad: 300000, script: 30000}, unhandledPromptBehavior: dismiss and notify, webauthn:extension:credBlob: true, webauthn:extension:largeBlob: true, webauthn:extension:minPinLength: true, webauthn:extension:prf: true, webauthn:virtualAuthenticators: true}
Session ID: 3242a5c8a9ecd6103a295c7a675a05ad
at java.base/jdk.internal.reflect.DirectConstructorHandleAccessor.newInstance(DirectConstructorHandleAccessor.java:62)
at java.base/java.lang.reflect.Constructor.newInstanceWithCaller(Constructor.java:502)
at java.base/java.lang.reflect.Constructor.newInstance(Constructor.java:486)
at org.openqa.selenium.remote.ErrorCodec.decode(ErrorCodec.java:167)
at org.openqa.selenium.remote.codec.w3c.W3CHttpResponseCodec.decode(W3CHttpResponseCodec.java:138)
at org.openqa.selenium.remote.codec.w3c.W3CHttpResponseCodec.decode(W3CHttpResponseCodec.java:50)
at org.openqa.selenium.remote.HttpCommandExecutor.execute(HttpCommandExecutor.java:190)
at org.openqa.selenium.remote.service.DriverCommandExecutor.invokeExecute(DriverCommandExecutor.java:216)
at org.openqa.selenium.remote.service.DriverCommandExecutor.execute(DriverCommandExecutor.java:174)
at org.openqa.selenium.remote.RemoteWebDriver.execute(RemoteWebDriver.java:545)
at org.openqa.selenium.remote.RemoteWebDriver.get(RemoteWebDriver.java:313)
at base.Base.openBrowserAndApplicationPageURL(Base.java:122)
at tests.Search.setup(Search.java:21)
at java.base/jdk.internal.reflect.DirectMethodHandleAccessor.invoke(DirectMethodHandleAccessor.java:103)
at java.base/java.lang.reflect.Method.invoke(Method.java:580)
at org.testng.internal.invokers.MethodInvocationHelper.invokeMethod(MethodInvocationHelper.java:141)
at org.testng.internal.invokers.MethodInvocationHelper.invokeMethodConsideringTimeout(MethodInvocationHelper.java:71)
at org.testng.internal.invokers.ConfigInvoker.invokeConfigurationMethod(ConfigInvoker.java:400)
at org.testng.internal.invokers.ConfigInvoker.invokeConfigurations(ConfigInvoker.java:333)
at org.testng.internal.invokers.TestInvoker.runConfigMethods(TestInvoker.java:836)
at org.testng.internal.invokers.TestInvoker.invokeMethod(TestInvoker.java:601)
at org.testng.internal.invokers.TestInvoker.invokeTestMethod(TestInvoker.java:230)
at org.testng.internal.invokers.MethodRunner.runInSequence(MethodRunner.java:63)
at org.testng.internal.invokers.TestInvoker$MethodInvocationAgent.invoke(TestInvoker.java:995)
at org.testng.internal.invokers.TestInvoker.invokeTestMethods(TestInvoker.java:203)
at org.testng.internal.invokers.TestMethodWorker.invokeTestMethods(TestMethodWorker.java:154)
at org.testng.internal.invokers.TestMethodWorker.run(TestMethodWorker.java:134)
at java.base/java.util.ArrayList.forEach(ArrayList.java:1596)
at org.testng.TestRunner.privateRun(TestRunner.java:741)
at org.testng.TestRunner.run(TestRunner.java:616)
at org.testng.SuiteRunner.runTest(SuiteRunner.java:421)
at org.testng.SuiteRunner.runSequentially(SuiteRunner.java:413)
at org.testng.SuiteRunner.privateRun(SuiteRunner.java:373)
at org.testng.SuiteRunner.run(SuiteRunner.java:312)
at org.testng.SuiteRunnerWorker.runSuite(SuiteRunnerWorker.java:52)
at org.testng.SuiteRunnerWorker.run(SuiteRunnerWorker.java:95)
at org.testng.TestNG.runSuitesSequentially(TestNG.java:1274)
at org.testng.TestNG.runSuitesLocally(TestNG.java:1208)
at org.testng.TestNG.runSuites(TestNG.java:1112)
at org.testng.TestNG.run(TestNG.java:1079)
at org.testng.remote.AbstractRemoteTestNG.run(AbstractRemoteTestNG.java:115)
at org.testng.remote.RemoteTestNG.initAndRun(RemoteTestNG.java:293)
at org.testng.remote.RemoteTestNG.main(RemoteTestNG.java:91)
]]>
    </error>
  </testcase> <!-- setup -->
  <testcase classname="tests.Search" name="verifySearchWithAnExistingProduct" time="0.000">
    <skipped/>
  </testcase> <!-- verifySearchWithAnExistingProduct -->
  <testcase classname="tests.Search" name="verifySearchWithNonExistingProduct" time="0.000">
    <skipped/>
  </testcase> <!-- verifySearchWithNonExistingProduct -->
  <testcase classname="tests.Search" name="verifySearchWithoutEnteringAnyProduct" time="0.000">
    <skipped/>
  </testcase> <!-- verifySearchWithoutEnteringAnyProduct -->
  <testcase classname="tests.Search" name="verifyProductSearchAfterLogin" time="0.000">
    <skipped/>
  </testcase> <!-- verifyProductSearchAfterLogin -->
  <testcase classname="tests.Search" name="verifyProductSearchResultingMultipleSearch" time="0.000">
    <skipped/>
  </testcase> <!-- verifyProductSearchResultingMultipleSearch -->
  <testcase classname="tests.Search" name="verifySearchFunctionalityFieldPlaceholders" time="0.000">
    <skipped/>
  </testcase> <!-- verifySearchFunctionalityFieldPlaceholders -->
  <testcase classname="tests.Search" name="verifySearchFunctionalityusingSearchCriteriaField" time="0.000">
    <skipped/>
  </testcase> <!-- verifySearchFunctionalityusingSearchCriteriaField -->
  <testcase classname="tests.Search" name="verifySearchUsingTextInProductDescription" time="0.000">
    <skipped/>
  </testcase> <!-- verifySearchUsingTextInProductDescription -->
  <testcase classname="tests.Search" name="verifySearchBySelectingTheCategory" time="0.000">
    <skipped/>
  </testcase> <!-- verifySearchBySelectingTheCategory -->
  <testcase classname="tests.Search" name="verifySearchBySelectingToSearchInSubCategory" time="0.000">
    <skipped/>
  </testcase> <!-- verifySearchBySelectingToSearchInSubCategory -->
  <testcase classname="tests.Search" name="verifyListAndGridViewsInSearchResultsPageHavingOneProduct" time="0.000">
    <skipped/>
  </testcase> <!-- verifyListAndGridViewsInSearchResultsPageHavingOneProduct -->
  <testcase classname="tests.Search" name="verifyListAndGridViewWhenMultipleProductsAreDisplayed" time="0.000">
    <skipped/>
  </testcase> <!-- verifyListAndGridViewWhenMultipleProductsAreDisplayed -->
  <testcase classname="tests.Search" name="verifyNavigationToProductComparisionPageFromSearchResultsPage" time="0.000">
    <skipped/>
  </testcase> <!-- verifyNavigationToProductComparisionPageFromSearchResultsPage -->
  <testcase classname="tests.Search" name="verifyAllSortingOptionInSearchResultsPage" time="0.000">
    <skipped/>
  </testcase> <!-- verifyAllSortingOptionInSearchResultsPage -->
  <testcase classname="tests.Search" name="verifyShowProductByLimitingount" time="0.000">
    <skipped/>
  </testcase> <!-- verifyShowProductByLimitingount -->
  <testcase classname="tests.Search" name="verifyDisplayingOfSearchFieldAndSearchButtonOnAllPagesOfTheApplication" time="0.000">
    <skipped/>
  </testcase> <!-- verifyDisplayingOfSearchFieldAndSearchButtonOnAllPagesOfTheApplication -->
  <testcase classname="tests.Search" name="verifyNavigatingToSearchPageFromSiteMapPage" time="0.000">
    <skipped/>
  </testcase> <!-- verifyNavigatingToSearchPageFromSiteMapPage -->
  <testcase classname="tests.Search" name="verifyBreadcrumbOptionsInSearchResultPage" time="0.000">
    <skipped/>
  </testcase> <!-- verifyBreadcrumbOptionsInSearchResultPage -->
  <testcase classname="tests.Search" name="verifyUsingAllOptionsOnSearchResultPageUsingKeyboardKeys" time="0.000">
    <skipped/>
  </testcase> <!-- verifyUsingAllOptionsOnSearchResultPageUsingKeyboardKeys -->
  <testcase classname="tests.Search" name="verifySearchPageURLTitleAndHeadingTest" time="0.000">
    <skipped/>
  </testcase> <!-- verifySearchPageURLTitleAndHeadingTest -->
  <testcase classname="tests.Search" name="verifySearchPageUI" time="0.000">
    <skipped/>
  </testcase> <!-- verifySearchPageUI -->
  <testcase classname="tests.Search" name="vverifySearchFunctionalityInAllEnvironment" time="0.000">
    <skipped/>
  </testcase> <!-- vverifySearchFunctionalityInAllEnvironment -->
</testsuite> <!-- tests.Search -->
