<?xml version="1.0" encoding="UTF-8"?>
<!-- Generated by org.testng.reporters.JUnitReportReporter -->
<testsuite hostname="INBook_X1" failures="0" tests="1" name="tests.Logout" time="9.722" errors="0" timestamp="2025-02-09T00:07:24 IST" skipped="0">
  <testcase classname="tests.Logout" name="verifyLogoutFunctionalityInAllSupportedEnvironments" time="9.722"/>
  <system-out/>
</testsuite> <!-- tests.Logout -->
