<?xml version="1.0" encoding="UTF-8"?>
<!-- Generated by org.testng.reporters.JUnitReportReporter -->
<testsuite hostname="INBook_X1" failures="0" tests="1" name="register.TC_RF_003" time="6.983" errors="0" timestamp="2024-11-10T21:10:42 IST" skipped="0">
  <testcase classname="register.TC_RF_003" name="verifyRegisteringAccountUsingAllFields" time="6.983"/>
</testsuite> <!-- register.TC_RF_003 -->
