<?xml version="1.0" encoding="UTF-8"?>
<!-- Generated by org.testng.reporters.JUnitReportReporter -->
<testsuite hostname="INBook_X1" failures="0" tests="2" name="tests.LoginTest" time="10.431" errors="0" timestamp="2025-04-18T10:56:27 IST" skipped="1">
  <testcase classname="tests.LoginTest" name="verifyLoginIntoApplicationUsingValidCredentials" time="10.431"/>
  <testcase classname="tests.LoginTest" name="verifyCopyingOfTextIntoPasswordField">
    <skipped/>
  </testcase> <!-- verifyCopyingOfTextIntoPasswordField -->
</testsuite> <!-- tests.LoginTest -->
