<?xml version="1.0" encoding="UTF-8"?>
<!-- Generated by org.testng.reporters.JUnitReportReporter -->
<testsuite hostname="INBook_X1" failures="1" tests="21" name="tests.Login" time="155.856" errors="0" timestamp="2025-02-08T14:10:23 IST" skipped="1">
  <testcase classname="tests.Login" name="verifyLoginIntoApplicationUsingValidCredentials" time="5.863"/>
  <system-out/>
  <testcase classname="tests.Login" name="verifyLoginIntoApplicationUsingInValidCredentials" time="6.525"/>
  <system-out/>
  <testcase classname="tests.Login" name="verifyLoginIntoApplicationUsingInValidEmailAndValidPassword" time="5.954"/>
  <system-out/>
  <testcase classname="tests.Login" name="verifyLoginIntoApplicationUsingValidEmailAndInValidPassword" time="6.064"/>
  <system-out/>
  <testcase classname="tests.Login" name="verifyLoginIntoApplicationWithoutProvidingAnyCredentials" time="5.548"/>
  <system-out/>
  <testcase classname="tests.Login" name="verifyForgottonPasswordOptionIsAvailable" time="5.959"/>
  <system-out/>
  <testcase classname="tests.Login" name="verifyLoginIntoTheApplicationUsingKeyboardKeys" time="5.906"/>
  <system-out/>
  <testcase classname="tests.Login" name="verifyPlaceHoldersOfFieldsInLoginPage" time="5.247"/>
  <system-out/>
  <testcase classname="tests.Login" name="verifyBrowsingBackAfterLogin" time="6.964"/>
  <system-out/>
  <testcase classname="tests.Login" name="verifyBrowsingBackAfterLogout" time="7.000"/>
  <system-out/>
  <testcase classname="tests.Login" name="verifyLoginIntoAccountUsingInactiveCredentials" time="6.439"/>
  <system-out/>
  <testcase classname="tests.Login" name="verifyNumberOfUnsuccessfulLoginAttempt" time="11.947"/>
  <system-out/>
  <testcase classname="tests.Login" name="verifyloginPasswordFieldForVisibility" time="4.811"/>
  <system-out/>
  <testcase classname="tests.Login" name="verifyPasswordIsNotVisisbleInPageSource" time="5.476">
    <failure message="expected [false] but found [true]" type="java.lang.AssertionError">
      <![CDATA[java.lang.AssertionError: expected [false] but found [true]
at org.testng.Assert.fail(Assert.java:99)
at org.testng.Assert.failNotEquals(Assert.java:1037)
at org.testng.Assert.assertFalse(Assert.java:67)
at org.testng.Assert.assertFalse(Assert.java:77)
at tests.Login.verifyPasswordIsNotVisisbleInPageSource(Login.java:156)
at java.base/jdk.internal.reflect.DirectMethodHandleAccessor.invoke(DirectMethodHandleAccessor.java:103)
at java.base/java.lang.reflect.Method.invoke(Method.java:580)
at org.testng.internal.MethodInvocationHelper.invokeMethod(MethodInvocationHelper.java:133)
at org.testng.internal.TestInvoker.invokeMethod(TestInvoker.java:598)
at org.testng.internal.TestInvoker.invokeTestMethod(TestInvoker.java:173)
at org.testng.internal.MethodRunner.runInSequence(MethodRunner.java:46)
at org.testng.internal.TestInvoker$MethodInvocationAgent.invoke(TestInvoker.java:824)
at org.testng.internal.TestInvoker.invokeTestMethods(TestInvoker.java:146)
at org.testng.internal.TestMethodWorker.invokeTestMethods(TestMethodWorker.java:146)
at org.testng.internal.TestMethodWorker.run(TestMethodWorker.java:128)
at java.base/java.util.ArrayList.forEach(ArrayList.java:1596)
at org.testng.TestRunner.privateRun(TestRunner.java:794)
at org.testng.TestRunner.run(TestRunner.java:596)
at org.testng.SuiteRunner.runTest(SuiteRunner.java:377)
at org.testng.SuiteRunner.runSequentially(SuiteRunner.java:371)
at org.testng.SuiteRunner.privateRun(SuiteRunner.java:332)
at org.testng.SuiteRunner.run(SuiteRunner.java:276)
at org.testng.SuiteRunnerWorker.runSuite(SuiteRunnerWorker.java:53)
at org.testng.SuiteRunnerWorker.run(SuiteRunnerWorker.java:96)
at org.testng.TestNG.runSuitesSequentially(TestNG.java:1212)
at org.testng.TestNG.runSuitesLocally(TestNG.java:1134)
at org.testng.TestNG.runSuites(TestNG.java:1063)
at org.testng.TestNG.run(TestNG.java:1031)
at org.testng.remote.AbstractRemoteTestNG.run(AbstractRemoteTestNG.java:115)
at org.testng.remote.RemoteTestNG.initAndRun(RemoteTestNG.java:293)
at org.testng.remote.RemoteTestNG.main(RemoteTestNG.java:91)
]]>
    </failure>
  </testcase> <!-- verifyPasswordIsNotVisisbleInPageSource -->
  <system-out/>
  <testcase classname="tests.Login" name="verifyLoggingIntoApplicationUsingChangedPassword" time="13.068"/>
  <system-out/>
  <testcase classname="tests.Login" name="verifyLoginPageNavigation" time="29.983"/>
  <system-out/>
  <testcase classname="tests.Login" name="verifyDifferentWaysOfnavigatingToLoginpage" time="6.647"/>
  <system-out/>
  <testcase classname="tests.Login" name="verifyLoginPageBreadcrumbURLTitleHeading" time="5.045"/>
  <system-out/>
  <testcase classname="tests.Login" name="verifyLoginPageUI" time="4.781"/>
  <system-out/>
  <testcase classname="tests.Login" name="verifyLoginInAllEnvironments" time="6.629"/>
  <system-out/>
  <testcase classname="tests.Login" name="verifyCopyingOfTextIntoPasswordField">
    <skipped/>
  </testcase> <!-- verifyCopyingOfTextIntoPasswordField -->
  <system-out/>
</testsuite> <!-- tests.Login -->
